[2m2026-03-03T23:26:31.202670Z[0m [32m INFO[0m ThreadId(01) candle-gguf-server v0.2.0
[2m2026-03-03T23:26:31.203569Z[0m [32m INFO[0m ThreadId(01) CPU threads : 12
[2m2026-03-03T23:26:31.204124Z[0m [32m INFO[0m ThreadId(01) Using CPU device
[2m2026-03-03T23:26:31.204683Z[0m [32m INFO[0m ThreadId(01) Model path  : C:\Users\celso\.cache\huggingface\hub\models--TheBloke--phi-2-GGUF\snapshots\5a454d977c6438bb9fb2df233c8ca70f21c87420\phi-2.Q4_K_M.gguf
[2m2026-03-03T23:26:31.205325Z[0m [32m INFO[0m ThreadId(01) Tokenizer   : embedded in GGUF
[2m2026-03-03T23:26:31.206054Z[0m [32m INFO[0m ThreadId(01) Device      : auto
[2m2026-03-03T23:26:31.206713Z[0m [32m INFO[0m ThreadId(01) Max concurrent: 1
[2m2026-03-03T23:26:31.723333Z[0m [32m INFO[0m ThreadId(01) GGUF loaded: 325 tensors, 20 metadata keys
[2m2026-03-03T23:26:31.729175Z[0m [32m INFO[0m ThreadId(01) Context length: 2048
[2m2026-03-03T23:26:31.729473Z[0m [32m INFO[0m ThreadId(01) GGUF metadata: general.name = String("Phi2")
[2m2026-03-03T23:26:31.729757Z[0m [32m INFO[0m ThreadId(01) GGUF metadata: general.architecture = String("phi2")
[2m2026-03-03T23:26:31.730019Z[0m [32m INFO[0m ThreadId(01) GGUF metadata: general.quantization_version = U32(2)
[2m2026-03-03T23:26:31.730401Z[0m [32m INFO[0m ThreadId(01) GGUF metadata: general.file_type = U32(15)
[2m2026-03-03T23:26:31.730661Z[0m [32m INFO[0m ThreadId(01) Extracting tokenizer from GGUF metadata
[2m2026-03-03T23:26:31.778120Z[0m [32m INFO[0m ThreadId(01) Detected architecture: phi2
[2m2026-03-03T23:26:32.970550Z[0m [33m WARN[0m ThreadId(01) No EOS token found in tokenizer vocabulary!
[2m2026-03-03T23:26:32.980613Z[0m [32m INFO[0m ThreadId(01) Model loaded — vocab size: 51200, ctx_len: 2048
[2m2026-03-03T23:26:32.981026Z[0m [32m INFO[0m ThreadId(01) Listening on http://0.0.0.0:8099
[2m2026-03-03T23:26:32.982907Z[0m [32m INFO[0m ThreadId(01) starting 12 workers
[2m2026-03-03T23:26:32.983310Z[0m [32m INFO[0m ThreadId(01) Actix runtime found; starting in Actix runtime
[2m2026-03-03T23:26:32.983594Z[0m [32m INFO[0m ThreadId(01) starting service: "actix-web-service-0.0.0.0:8099", workers: 12, listening on: 0.0.0.0:8099
[2m2026-03-03T23:26:51.286313Z[0m [32m INFO[0m ThreadId(02) 127.0.0.1 "GET /v1/models HTTP/1.1" 500 96 0.120400ms
